<?xml version="1.0" encoding="UTF-8"?>
<robot generator="Robot 4.0.3 (Python 3.7.5 on win32)" generated="20210601 22:05:57.360" rpa="true" schemaversion="2">
<suite id="s1" name="Tasks" source="c:\Users\alexe\Documents\GitHub\RobocorpRPA\certification-one-robot\tasks.robot">
<test id="s1-t1" name="Open a browser and log into the website">
<kw name="Open the website">
<kw name="Open Chrome Browser" library="RPA.Browser">
<arg>http://robotsparebinindustries.com/</arg>
<doc>Open Chrome browser. See ``Open Available Browser`` for
descriptions of arguments.</doc>
<msg timestamp="20210601 22:05:58.384" level="INFO">Creating an instance of the Chrome WebDriver.</msg>
<msg timestamp="20210601 22:05:58.416" level="INFO">Created download root directory: C:\Users\alexe\AppData\Local\robocorp\webdrivers</msg>
<msg timestamp="20210601 22:05:58.416" level="INFO">Created symlink directory: C:\Users\alexe\AppData\Local\robocorp\webdrivers</msg>
<msg timestamp="20210601 22:05:58.416" level="INFO">Creating an instance of the Chrome WebDriver.</msg>
<msg timestamp="20210601 22:05:59.903" level="INFO">Created Chrome browser with arguments: --disable-dev-shm-usage --disable-web-security --allow-running-insecure-content --no-sandbox</msg>
<msg timestamp="20210601 22:05:59.903" level="INFO" html="true">&lt;p&gt;Attempted combinations:&lt;/p&gt;&lt;div class="doc"&gt;&lt;table&gt;&lt;tr&gt;&lt;th&gt;Browser&lt;/th&gt;&lt;th&gt;Download&lt;/th&gt;&lt;th&gt;Error&lt;/th&gt;&lt;/tr&gt;&lt;tr&gt;&lt;td&gt;Chrome&lt;/td&gt;&lt;td&gt;False&lt;/td&gt;&lt;td&gt;Message: 'chromedriver' executable needs to be in PATH. Please see https://sites.google.com/a/chromium.org/chromedriver/home
&lt;/td&gt;&lt;/tr&gt;&lt;tr&gt;&lt;td&gt;Chrome&lt;/td&gt;&lt;td&gt;True&lt;/td&gt;&lt;td&gt;&lt;/td&gt;&lt;/tr&gt;&lt;/table&gt;&lt;/div&gt;</msg>
<msg timestamp="20210601 22:05:59.903" level="INFO">Opening url 'http://robotsparebinindustries.com/'</msg>
<status status="PASS" starttime="20210601 22:05:58.384" endtime="20210601 22:06:02.161"/>
</kw>
<status status="PASS" starttime="20210601 22:05:58.384" endtime="20210601 22:06:02.161"/>
</kw>
<kw name="Log in">
<kw name="Input Text" library="RPA.Browser">
<arg>username</arg>
<arg>maria</arg>
<doc>Types the given ``text`` into the text field identified by ``locator``.</doc>
<msg timestamp="20210601 22:06:02.165" level="INFO">Typing text 'maria' into text field 'username'.</msg>
<status status="PASS" starttime="20210601 22:06:02.165" endtime="20210601 22:06:02.340"/>
</kw>
<kw name="Input Password" library="RPA.Browser">
<arg>password</arg>
<arg>thousallnotpass</arg>
<doc>Types the given password into the text field identified by ``locator``.</doc>
<msg timestamp="20210601 22:06:02.344" level="INFO">Typing password into text field 'password'.</msg>
<msg timestamp="20210601 22:06:02.429" level="INFO">Temporally setting log level to: NONE</msg>
<msg timestamp="20210601 22:06:02.541" level="INFO">Log level changed from NONE to INFO.</msg>
<status status="PASS" starttime="20210601 22:06:02.344" endtime="20210601 22:06:02.541"/>
</kw>
<kw name="Submit Form" library="RPA.Browser">
<doc>Submits a form identified by ``locator``.</doc>
<msg timestamp="20210601 22:06:02.541" level="INFO">Submitting form 'None'.</msg>
<status status="PASS" starttime="20210601 22:06:02.541" endtime="20210601 22:06:02.605"/>
</kw>
<status status="PASS" starttime="20210601 22:06:02.161" endtime="20210601 22:06:02.605"/>
</kw>
<status status="PASS" starttime="20210601 22:05:58.384" endtime="20210601 22:06:02.605"/>
</test>
<doc>Robot that logs into RobotSpareBinIndustries.</doc>
<status status="PASS" starttime="20210601 22:05:57.368" endtime="20210601 22:06:02.605"/>
</suite>
<statistics>
<total>
<stat pass="1" fail="0" skip="0">All Tasks</stat>
</total>
<tag>
</tag>
<suite>
<stat pass="1" fail="0" skip="0" id="s1" name="Tasks">Tasks</stat>
</suite>
</statistics>
<errors>
<msg timestamp="20210601 22:05:58.160" level="WARN">This is a deprecated import that will be removed in favor of RPA.Browser.Selenium</msg>
</errors>
</robot>
